2025/05/22 21:44:22 日志初始化成功
2025/05/22 21:44:22 设置环境变量成功
2025/05/22 21:44:22 当前工作目录: D:\Development\Code\go\kennel
2025/05/22 21:44:22 创建终端管控模块...
2025/05/22 21:44:22 终端管控模块创建成功!
2025/05/22 21:44:22 正在加载配置文件...
2025/05/22 21:44:22 尝试从以下位置加载配置文件:
2025/05/22 21:44:22 - config.yaml
2025/05/22 21:44:22 - C:\Users\lome\AppData\Local\Temp\go-build568093593\b001\exe\config.yaml
2025/05/22 21:44:22 - app\control\config.yaml
2025/05/22 21:44:22 尝试加载: config.yaml
2025/05/22 21:44:22 成功从 config.yaml 加载配置文件
2025/05/22 21:44:22 配置文件加载成功!
2025/05/22 21:56:16 日志初始化成功
2025/05/22 21:56:16 设置环境变量成功
2025/05/22 21:56:16 当前工作目录: D:\Development\Code\go\kennel
2025/05/22 21:56:16 创建终端管控模块...
2025/05/22 21:56:16 终端管控模块创建成功!
2025/05/22 21:56:16 正在加载配置文件...
2025/05/22 21:56:16 尝试从以下位置加载配置文件:
2025/05/22 21:56:16 - config.yaml
2025/05/22 21:56:16 - C:\Users\lome\AppData\Local\Temp\go-build4049087158\b001\exe\config.yaml
2025/05/22 21:56:16 - app\control\config.yaml
2025/05/22 21:56:16 尝试加载: config.yaml
2025/05/22 21:56:16 成功从 config.yaml 加载配置文件
2025/05/22 21:56:16 配置文件加载成功!
2025/05/22 21:56:16 正在初始化模块...
2025/05/22 21:56:16 模块配置: &{ID: Name: Version: Settings:map[] Dependencies:[] Resources:{MaxCPU:0 MaxMemory:0 MaxDisk:0 MaxNetwork:0}}
2025/05/22 21:56:16 模块初始化成功!
2025/05/22 21:59:00 日志初始化成功
2025/05/22 21:59:00 设置环境变量成功
2025/05/22 21:59:00 当前工作目录: D:\Development\Code\go\kennel
2025/05/22 21:59:00 创建终端管控模块...
2025/05/22 21:59:00 终端管控模块创建成功!
2025/05/22 21:59:00 正在加载配置文件...
2025/05/22 21:59:25 尝试从以下位置加载配置文件:
2025/05/22 21:59:26 - config.yaml
2025/05/22 21:59:27 - D:\Development\Code\go\kennel\config.yaml
2025/05/22 21:59:31 - app\control\config.yaml
2025/05/22 21:59:40 尝试加载: config.yaml
2025/05/22 21:59:43 成功从 config.yaml 加载配置文件
